<?xml version="1.0" encoding="UTF-8"?>
<!-- Generated by org.testng.reporters.JUnitXMLReporter -->
<testsuite hostname="Sizan" ignored="0" name="Default test" tests="7" failures="0" timestamp="2024-09-13T14:12:46 BDT" time="49.934" errors="0">
  <testcase name="invokeWebsite" time="22.354" classname="Selenium.AutomationScript"/>
  <testcase name="navigateToRegistrationPage" time="2.289" classname="Selenium.AutomationScript"/>
  <testcase name="userRegistration" time="2.526" classname="Selenium.AutomationScript"/>
  <testcase name="userLogin" time="2.412" classname="Selenium.AutomationScript"/>
  <testcase name="addProductsToCart" time="18.587" classname="Selenium.AutomationScript"/>
  <testcase name="navigateToCartPage" time="1.034" classname="Selenium.AutomationScript"/>
  <testcase name="removeItemFromCart" time="0.65" classname="Selenium.AutomationScript"/>
</testsuite> <!-- Default test -->
